2026-03-29 14:47:54  INFO      =================================================================
2026-03-29 14:47:54  INFO      GROWTH ANALYTICS PIPELINE — STARTING
2026-03-29 14:47:54  INFO      Run date     : 29 March 2026, 14:47:54
2026-03-29 14:47:54  INFO      Project root : C:\Users\Mayank Joshi\Downloads\Marketing_Channel_Project
2026-03-29 14:47:54  INFO      Log file     : C:\Users\Mayank Joshi\Downloads\Marketing_Channel_Project\logs\pipeline_20260329_144754.log
2026-03-29 14:47:54  INFO      Total stages : 8
2026-03-29 14:47:54  INFO      =================================================================
2026-03-29 14:47:54  INFO      
2026-03-29 14:47:54  INFO      [1/8] Stage 0 — Build database
2026-03-29 14:47:54  INFO               Load all CSVs into olist_analytics.db — 21 tables, single source of truth
2026-03-29 14:48:00  INFO               SUCCESS — completed in 6.4s
2026-03-29 14:48:00  INFO      
2026-03-29 14:48:00  INFO      [2/8] Stage 1 — Data foundation
2026-03-29 14:48:00  INFO               Load all CSVs, null audit, build master table
2026-03-29 14:48:17  INFO               SUCCESS — completed in 16.8s
2026-03-29 14:48:17  INFO      
2026-03-29 14:48:17  INFO      [3/8] Stage 2 — Channel attribution
2026-03-29 14:48:17  INFO               Last touch, linear, and Markov chain attribution models
2026-03-29 14:48:25  INFO               SUCCESS — completed in 7.7s
2026-03-29 14:48:25  INFO      
2026-03-29 14:48:25  INFO      [4/8] Stage 3 — Funnel analysis
2026-03-29 14:48:25  INFO               Funnel volume, cohort analysis, landing page experiment
2026-03-29 14:48:33  INFO               SUCCESS — completed in 8.2s
2026-03-29 14:48:33  INFO      
2026-03-29 14:48:33  INFO      [5/8] Stage 4 — CAC / LTV
2026-03-29 14:48:33  INFO               Seller unit economics, LTV by channel and segment
2026-03-29 14:48:41  INFO               SUCCESS — completed in 7.9s
2026-03-29 14:48:41  INFO      
2026-03-29 14:48:41  INFO      [6/8] Stage 5 — Segmentation
2026-03-29 14:48:41  INFO               RFM scoring and K-means clustering
2026-03-29 14:48:51  INFO               SUCCESS — completed in 10.3s
2026-03-29 14:48:51  INFO      
2026-03-29 14:48:51  INFO      [7/8] Stage 6 — SQL analysis
2026-03-29 14:48:51  INFO               DuckDB queries — funnel, attribution, LTV, RFM, window functions
2026-03-29 14:48:58  INFO               SUCCESS — completed in 6.6s
2026-03-29 14:48:58  INFO      
2026-03-29 14:48:58  INFO      [8/8] Stage 7 — Report generation
2026-03-29 14:48:58  INFO               Auto-generate Word document summary of all findings
2026-03-29 14:48:59  INFO               SUCCESS — completed in 1.1s
2026-03-29 14:48:59  INFO      
2026-03-29 14:48:59  INFO      =================================================================
2026-03-29 14:48:59  INFO      PIPELINE COMPLETE — SUMMARY
2026-03-29 14:48:59  INFO      =================================================================
2026-03-29 14:48:59  INFO      Total duration : 65.0s
2026-03-29 14:48:59  INFO      Successful     : 8 / 8
2026-03-29 14:48:59  INFO      Failed         : 0
2026-03-29 14:48:59  INFO      Skipped        : 0
2026-03-29 14:48:59  INFO      
2026-03-29 14:48:59  INFO        [OK] Stage 0 — Build database                 6.4s  SUCCESS
2026-03-29 14:48:59  INFO        [OK] Stage 1 — Data foundation                16.8s  SUCCESS
2026-03-29 14:48:59  INFO        [OK] Stage 2 — Channel attribution            7.7s  SUCCESS
2026-03-29 14:48:59  INFO        [OK] Stage 3 — Funnel analysis                8.2s  SUCCESS
2026-03-29 14:48:59  INFO        [OK] Stage 4 — CAC / LTV                      7.9s  SUCCESS
2026-03-29 14:48:59  INFO        [OK] Stage 5 — Segmentation                   10.3s  SUCCESS
2026-03-29 14:48:59  INFO        [OK] Stage 6 — SQL analysis                   6.6s  SUCCESS
2026-03-29 14:48:59  INFO        [OK] Stage 7 — Report generation              1.1s  SUCCESS
2026-03-29 14:48:59  INFO      
2026-03-29 14:48:59  INFO      Full log saved to: C:\Users\Mayank Joshi\Downloads\Marketing_Channel_Project\logs\pipeline_20260329_144754.log
2026-03-29 14:48:59  INFO      =================================================================
