2026-03-28 19:36:51  INFO      =================================================================
2026-03-28 19:36:51  INFO      GROWTH ANALYTICS PIPELINE — STARTING
2026-03-28 19:36:51  INFO      Run date     : 28 March 2026, 19:36:51
2026-03-28 19:36:51  INFO      Project root : C:\Users\Mayank Joshi\Downloads\Marketing_Channel_Project
2026-03-28 19:36:51  INFO      Log file     : C:\Users\Mayank Joshi\Downloads\Marketing_Channel_Project\logs\pipeline_20260328_193651.log
2026-03-28 19:36:51  INFO      Total stages : 7
2026-03-28 19:36:51  INFO      =================================================================
2026-03-28 19:36:51  INFO      
2026-03-28 19:36:51  INFO      [1/7] Stage 1 — Data foundation
2026-03-28 19:36:51  INFO               Load all CSVs, null audit, build master table
2026-03-28 19:37:01  INFO               SUCCESS — completed in 10.1s
2026-03-28 19:37:01  INFO      
2026-03-28 19:37:01  INFO      [2/7] Stage 2 — Channel attribution
2026-03-28 19:37:01  INFO               Last touch, linear, and Markov chain attribution models
2026-03-28 19:37:09  INFO               SUCCESS — completed in 7.6s
2026-03-28 19:37:09  INFO      
2026-03-28 19:37:09  INFO      [3/7] Stage 3 — Funnel analysis
2026-03-28 19:37:09  INFO               Funnel volume, cohort analysis, landing page experiment
2026-03-28 19:37:17  INFO               SUCCESS — completed in 8.1s
2026-03-28 19:37:17  INFO      
2026-03-28 19:37:17  INFO      [4/7] Stage 4 — CAC / LTV
2026-03-28 19:37:17  INFO               Seller unit economics, LTV by channel and segment
2026-03-28 19:37:25  INFO               SUCCESS — completed in 8.2s
2026-03-28 19:37:25  INFO      
2026-03-28 19:37:25  INFO      [5/7] Stage 5 — Segmentation
2026-03-28 19:37:25  INFO               RFM scoring and K-means clustering
2026-03-28 19:37:34  INFO               SUCCESS — completed in 9.3s
2026-03-28 19:37:34  INFO      
2026-03-28 19:37:34  INFO      [6/7] Stage 6 — SQL analysis
2026-03-28 19:37:34  INFO               DuckDB queries — funnel, attribution, LTV, RFM, window functions
2026-03-28 19:37:37  ERROR              FAILED  — completed in 2.4s
2026-03-28 19:37:37  ERROR              Error   : Lib\site-packages\nbformat\__init__.py", line 92, in reads
    nb = reader.reads(s, **kwargs)
  File "C:\Users\Mayank Joshi\AppData\Local\Programs\Python\Python313\Lib\site-packages\nbformat\reader.py", line 75, in reads
    nb_dict = parse_json(s, **kwargs)
  File "C:\Users\Mayank Joshi\AppData\Local\Programs\Python\Python313\Lib\site-packages\nbformat\reader.py", line 25, in parse_json
    raise NotJSONError(message) from e
nbformat.reader.NotJSONError: Notebook does not appear to be JSON: ''

2026-03-28 19:37:37  INFO      
2026-03-28 19:37:37  INFO      [7/7] Stage 7 — Report generation
2026-03-28 19:37:37  INFO               Auto-generate Word document summary of all findings
2026-03-28 19:37:38  ERROR              FAILED  — completed in 1.0s
2026-03-28 19:37:38  ERROR              Error   : line 109, in __init__
    self._zipf = ZipFile(pkg_file, "w", compression=ZIP_DEFLATED)
                 ~~~~~~~^^^^^^^^^^^^^^^^^^^^^^^^^^^^^^^^^^^^^^^^^
  File "C:\Users\Mayank Joshi\AppData\Local\Programs\Python\Python313\Lib\zipfile\__init__.py", line 1362, in __init__
    self.fp = io.open(file, filemode)
              ~~~~~~~^^^^^^^^^^^^^^^^
PermissionError: [Errno 13] Permission denied: 'C:\\Users\\Mayank Joshi\\Downloads\\Marketing_Channel_Project\\Growth_Analytics_Report_28Mar2026.docx'

2026-03-28 19:37:38  INFO      
2026-03-28 19:37:38  INFO      =================================================================
2026-03-28 19:37:38  INFO      PIPELINE COMPLETE — SUMMARY
2026-03-28 19:37:38  INFO      =================================================================
2026-03-28 19:37:38  INFO      Total duration : 46.8s
2026-03-28 19:37:38  INFO      Successful     : 5 / 7
2026-03-28 19:37:38  INFO      Failed         : 2
2026-03-28 19:37:38  INFO      Skipped        : 0
2026-03-28 19:37:38  INFO      
2026-03-28 19:37:38  INFO        [OK] Stage 1 — Data foundation                10.1s  SUCCESS
2026-03-28 19:37:38  INFO        [OK] Stage 2 — Channel attribution            7.6s  SUCCESS
2026-03-28 19:37:38  INFO        [OK] Stage 3 — Funnel analysis                8.1s  SUCCESS
2026-03-28 19:37:38  INFO        [OK] Stage 4 — CAC / LTV                      8.2s  SUCCESS
2026-03-28 19:37:38  INFO        [OK] Stage 5 — Segmentation                   9.3s  SUCCESS
2026-03-28 19:37:38  INFO        [!!] Stage 6 — SQL analysis                   2.4s  FAILED
2026-03-28 19:37:38  INFO        [!!] Stage 7 — Report generation              1.0s  FAILED
2026-03-28 19:37:38  INFO      
2026-03-28 19:37:38  WARNING   Failed stages:
2026-03-28 19:37:38  WARNING     Stage 6 — SQL analysis
2026-03-28 19:37:38  WARNING     Lib\site-packages\nbformat\__init__.py", line 92, in reads
    nb = reader.reads(s, **kwargs)
  File "C:\Users\Mayank Joshi\AppData\Local\Programs\Python\Python313\Lib\site-packages\nbformat\reader.py
2026-03-28 19:37:38  WARNING     Stage 7 — Report generation
2026-03-28 19:37:38  WARNING     line 109, in __init__
    self._zipf = ZipFile(pkg_file, "w", compression=ZIP_DEFLATED)
                 ~~~~~~~^^^^^^^^^^^^^^^^^^^^^^^^^^^^^^^^^^^^^^^^^
  File "C:\Users\Mayank Joshi\AppData\Local\Pr
2026-03-28 19:37:38  INFO      
2026-03-28 19:37:38  INFO      Full log saved to: C:\Users\Mayank Joshi\Downloads\Marketing_Channel_Project\logs\pipeline_20260328_193651.log
2026-03-28 19:37:38  INFO      =================================================================
